[2020-07-09 15:05:31] seerbit-php-api-library.INFO: Request url to Seerbit: https://stg-backend.seerbitapi.com/api/v2/banks/merchant/SBTESTPUBK_PjQ5dFOi522L383MlsQYUMAe6cZYviTF [] []
[2020-07-09 15:05:31] seerbit-php-api-library.INFO: JSON Request payload to Seerbit:null [] []
[2020-07-09 15:05:31] seerbit-php-api-library.INFO: Request headers to SeerbitArray ( )  [] []
[2020-07-09 15:05:34] seerbit-php-api-library.INFO: JSON Response is: {"status":"SUCCESS","data":{"code":"00","merchantBanks":[],"message":"Successful"}} [] []
[2020-07-09 15:05:34] seerbit-php-api-library.ERROR: {"status":"SUCCESS","data":{"code":"00","merchantBanks":[],"message":"Successful"}} [] []
[2020-07-09 15:19:35] seerbit-php-api-library.INFO: Request url to Seerbit: https://stg-backend.seerbitapi.com/api/v2/payments/initiates [] []
[2020-07-09 15:19:35] seerbit-php-api-library.INFO: JSON Request payload to Seerbit:{"fullName":"John Wick","email":"johndoe@gmail.com","mobileNumber":"08022343345","paymentReference":"MOMO657485653771987599QWEW1AT","deviceType":"nokia 3310","sourceIP":"1.0.1.0","currency":"NGN","productDescription":"snacks","country":"UG","fee":"1.00","amount":"10.01","productId":"grocery","paymentType":"MOMO","publicKey":"SBTESTPUBK_PjQ5dFOi522L383MlsQYUMAe6cZYviTF"} [] []
[2020-07-09 15:19:35] seerbit-php-api-library.INFO: Request headers to SeerbitArray (     [0] => Content-Type: application/json     [1] => Authorization: Bearer pCEdKBei+5OLwaCamMlyct9dtHGFUyT35MVQZ5rYaQ5e6Eoj1amt/25WK8ZCWqN4ZPQlgar953PgHorH1RUoAJB6ZK5k5d+yAjmN0EcYpDSDQeEMMZuvUHZVXcXHwRyW )  [] []
[2020-07-09 15:19:41] seerbit-php-api-library.INFO: JSON Response is: {"status":"SUCCESS","data":{"code":"S12","payments":{},"message":null}} [] []
[2020-07-09 15:19:41] seerbit-php-api-library.INFO: Params in response from SeerBit: Array (     [status] => SUCCESS     [data] => Array         (             [code] => S12             [payments] => Array                 (                 )              [message] =>          )  )  [] []
[2020-07-09 15:23:22] seerbit-php-api-library.INFO: Request url to Seerbit: https://stg-backend.seerbitapi.com/api/v2/payments/initiates [] []
[2020-07-09 15:23:22] seerbit-php-api-library.INFO: JSON Request payload to Seerbit:{"fullName":"John Wick","email":"johndoe@gmail.com","mobileNumber":"08022343345","deviceType":"nokia 3310","sourceIP":"1.0.1.0","currency":"NGN","productDescription":"snacks","country":"UG","fee":"1.00","amount":"10.01","productId":"grocery","paymentType":"MOMO","paymentReference":"C4DABCC9BF27","publicKey":"SBTESTPUBK_PjQ5dFOi522L383MlsQYUMAe6cZYviTF"} [] []
[2020-07-09 15:23:22] seerbit-php-api-library.INFO: Request headers to SeerbitArray (     [0] => Content-Type: application/json     [1] => Authorization: Bearer pCEdKBei+5OLwaCamMlyct9dtHGFUyT35MVQZ5rYaQ5e6Eoj1amt/25WK8ZCWqN4ZPQlgar953PgHorH1RUoAJB6ZK5k5d+yAjmN0EcYpDSDQeEMMZuvUHZVXcXHwRyW )  [] []
[2020-07-09 15:23:42] seerbit-php-api-library.INFO: JSON Response is: {"status":"SUCCESS","data":{"code":"INP","payments":{"paymentReference":"C4DABCC9BF27","linkingReference":"CF446658751594308207183"},"message":"Transaction is in progress"}} [] []
[2020-07-09 15:23:42] seerbit-php-api-library.INFO: Params in response from SeerBit: Array (     [status] => SUCCESS     [data] => Array         (             [code] => INP             [payments] => Array                 (                     [paymentReference] => C4DABCC9BF27                     [linkingReference] => CF446658751594308207183                 )              [message] => Transaction is in progress         )  )  [] []
[2020-07-09 15:24:18] seerbit-php-api-library.INFO: Request url to Seerbit: https://stg-backend.seerbitapi.com/api/v2/payments/initiates [] []
[2020-07-09 15:24:18] seerbit-php-api-library.INFO: JSON Request payload to Seerbit:{"fullName":"John Wick","email":"johndoe@gmail.com","mobileNumber":"08022343345","deviceType":"nokia 3310","sourceIP":"1.0.1.0","currency":"NGN","productDescription":"snacks","country":"UG","fee":"1.00","amount":"10.01","productId":"grocery","paymentType":"MOMO","paymentReference":"C4DABCC9BF27","publicKey":"SBTESTPUBK_PjQ5dFOi522L383MlsQYUMAe6cZYviTF"} [] []
[2020-07-09 15:24:18] seerbit-php-api-library.INFO: Request headers to SeerbitArray (     [0] => Content-Type: application/json     [1] => Authorization: Bearer pCEdKBei+5OLwaCamMlyct9dtHGFUyT35MVQZ5rYaQ5e6Eoj1amt/25WK8ZCWqN4ZPQlgar953PgHorH1RUoAJB6ZK5k5d+yAjmN0EcYpDSDQeEMMZuvUHZVXcXHwRyW )  [] []
[2020-07-09 15:24:23] seerbit-php-api-library.INFO: JSON Response is: {"status":"SUCCESS","data":{"code":"S12","payments":{},"message":"Transaction with reference exists"}} [] []
[2020-07-09 15:24:23] seerbit-php-api-library.INFO: Params in response from SeerBit: Array (     [status] => SUCCESS     [data] => Array         (             [code] => S12             [payments] => Array                 (                 )              [message] => Transaction with reference exists         )  )  [] []
